Started at Mon Feb 28 13:39:57 UTC 2022
Processing c-project
Offering c-project to Project Build Discarder
Processing c-project1
Offering c-project1 to Project Build Discarder
Processing c-project2
Offering c-project2 to Project Build Discarder
Processing java-p1
Offering java-p1 to Project Build Discarder
Processing java-project
Offering java-project to Project Build Discarder
Processing java-project1
Offering java-project1 to Project Build Discarder
Processing webhook-example
Offering webhook-example to Project Build Discarder
Finished at Mon Feb 28 13:39:57 UTC 2022. 3ms
Started at Mon Feb 28 14:39:57 UTC 2022
Processing c-project
Offering c-project to Project Build Discarder
Processing c-project1
Offering c-project1 to Project Build Discarder
Processing c-project2
Offering c-project2 to Project Build Discarder
Processing java-p1
Offering java-p1 to Project Build Discarder
Processing java-project
Offering java-project to Project Build Discarder
Processing java-project1
Offering java-project1 to Project Build Discarder
Processing webhook-example
Offering webhook-example to Project Build Discarder
Finished at Mon Feb 28 14:39:57 UTC 2022. 0ms
Started at Mon Feb 28 15:39:57 UTC 2022
Processing c-project
Offering c-project to Project Build Discarder
Processing c-project1
Offering c-project1 to Project Build Discarder
Processing c-project2
Offering c-project2 to Project Build Discarder
Processing java-p1
Offering java-p1 to Project Build Discarder
Processing java-project
Offering java-project to Project Build Discarder
Processing java-project1
Offering java-project1 to Project Build Discarder
Processing Sandeep
Offering Sandeep to Project Build Discarder
Processing webhook-example
Offering webhook-example to Project Build Discarder
Finished at Mon Feb 28 15:39:57 UTC 2022. 5ms
Started at Mon Feb 28 16:39:57 UTC 2022
Processing c-project
Offering c-project to Project Build Discarder
Processing c-project1
Offering c-project1 to Project Build Discarder
Processing c-project2
Offering c-project2 to Project Build Discarder
Processing java-p1
Offering java-p1 to Project Build Discarder
Processing java-project
Offering java-project to Project Build Discarder
Processing java-project1
Offering java-project1 to Project Build Discarder
Processing Sandeep
Offering Sandeep to Project Build Discarder
Processing webhook-example
Offering webhook-example to Project Build Discarder
Finished at Mon Feb 28 16:39:57 UTC 2022. 3ms
Started at Mon Feb 28 17:39:57 UTC 2022
Processing c-project
Offering c-project to Project Build Discarder
Processing c-project1
Offering c-project1 to Project Build Discarder
Processing c-project2
Offering c-project2 to Project Build Discarder
Processing java-p1
Offering java-p1 to Project Build Discarder
Processing java-project
Offering java-project to Project Build Discarder
Processing java-project1
Offering java-project1 to Project Build Discarder
Processing Sandeep
Offering Sandeep to Project Build Discarder
Processing webhook-example
Offering webhook-example to Project Build Discarder
Finished at Mon Feb 28 17:39:57 UTC 2022. 0ms
Started at Mon Feb 28 18:39:57 UTC 2022
Processing c-project
Offering c-project to Project Build Discarder
Processing c-project1
Offering c-project1 to Project Build Discarder
Processing c-project2
Offering c-project2 to Project Build Discarder
Processing java-p1
Offering java-p1 to Project Build Discarder
Processing java-project
Offering java-project to Project Build Discarder
Processing java-project1
Offering java-project1 to Project Build Discarder
Processing Sandeep
Offering Sandeep to Project Build Discarder
Processing webhook-example
Offering webhook-example to Project Build Discarder
Finished at Mon Feb 28 18:39:57 UTC 2022. 1ms
Started at Mon Feb 28 19:39:57 UTC 2022
Processing c-project
Offering c-project to Project Build Discarder
Processing c-project1
Offering c-project1 to Project Build Discarder
Processing c-project2
Offering c-project2 to Project Build Discarder
Processing java-p1
Offering java-p1 to Project Build Discarder
Processing java-project
Offering java-project to Project Build Discarder
Processing java-project1
Offering java-project1 to Project Build Discarder
Processing Sandeep
Offering Sandeep to Project Build Discarder
Processing webhook-example
Offering webhook-example to Project Build Discarder
Finished at Mon Feb 28 19:39:57 UTC 2022. 3ms
Started at Mon Feb 28 20:39:57 UTC 2022
Processing c-project
Offering c-project to Project Build Discarder
Processing c-project1
Offering c-project1 to Project Build Discarder
Processing c-project2
Offering c-project2 to Project Build Discarder
Processing java-p1
Offering java-p1 to Project Build Discarder
Processing java-project
Offering java-project to Project Build Discarder
Processing java-project1
Offering java-project1 to Project Build Discarder
Processing Sandeep
Offering Sandeep to Project Build Discarder
Processing webhook-example
Offering webhook-example to Project Build Discarder
Finished at Mon Feb 28 20:39:57 UTC 2022. 1ms
Started at Mon Feb 28 21:39:57 UTC 2022
Processing c-project
Offering c-project to Project Build Discarder
Processing c-project1
Offering c-project1 to Project Build Discarder
Processing c-project2
Offering c-project2 to Project Build Discarder
Processing java-p1
Offering java-p1 to Project Build Discarder
Processing java-project
Offering java-project to Project Build Discarder
Processing java-project1
Offering java-project1 to Project Build Discarder
Processing Sandeep
Offering Sandeep to Project Build Discarder
Processing webhook-example
Offering webhook-example to Project Build Discarder
Finished at Mon Feb 28 21:39:57 UTC 2022. 0ms
Started at Mon Feb 28 22:39:57 UTC 2022
Processing c-project
Offering c-project to Project Build Discarder
Processing c-project1
Offering c-project1 to Project Build Discarder
Processing c-project2
Offering c-project2 to Project Build Discarder
Processing java-p1
Offering java-p1 to Project Build Discarder
Processing java-project
Offering java-project to Project Build Discarder
Processing java-project1
Offering java-project1 to Project Build Discarder
Processing Sandeep
Offering Sandeep to Project Build Discarder
Processing webhook-example
Offering webhook-example to Project Build Discarder
Finished at Mon Feb 28 22:39:57 UTC 2022. 3ms
Started at Mon Feb 28 23:39:57 UTC 2022
Processing c-project
Offering c-project to Project Build Discarder
Processing c-project1
Offering c-project1 to Project Build Discarder
Processing c-project2
Offering c-project2 to Project Build Discarder
Processing java-p1
Offering java-p1 to Project Build Discarder
Processing java-project
Offering java-project to Project Build Discarder
Processing java-project1
Offering java-project1 to Project Build Discarder
Processing Sandeep
Offering Sandeep to Project Build Discarder
Processing webhook-example
Offering webhook-example to Project Build Discarder
Finished at Mon Feb 28 23:39:57 UTC 2022. 0ms
Started at Tue Mar 01 00:39:57 UTC 2022
Processing c-project
Offering c-project to Project Build Discarder
Processing c-project1
Offering c-project1 to Project Build Discarder
Processing c-project2
Offering c-project2 to Project Build Discarder
Processing java-p1
Offering java-p1 to Project Build Discarder
Processing java-project
Offering java-project to Project Build Discarder
Processing java-project1
Offering java-project1 to Project Build Discarder
Processing Sandeep
Offering Sandeep to Project Build Discarder
Processing webhook-example
Offering webhook-example to Project Build Discarder
Finished at Tue Mar 01 00:39:57 UTC 2022. 1ms
Started at Tue Mar 01 01:39:57 UTC 2022
Processing c-project
Offering c-project to Project Build Discarder
Processing c-project1
Offering c-project1 to Project Build Discarder
Processing c-project2
Offering c-project2 to Project Build Discarder
Processing java-p1
Offering java-p1 to Project Build Discarder
Processing java-project
Offering java-project to Project Build Discarder
Processing java-project1
Offering java-project1 to Project Build Discarder
Processing Sandeep
Offering Sandeep to Project Build Discarder
Processing webhook-example
Offering webhook-example to Project Build Discarder
Finished at Tue Mar 01 01:39:57 UTC 2022. 0ms
Started at Tue Mar 01 02:39:57 UTC 2022
Processing c-project
Offering c-project to Project Build Discarder
Processing c-project1
Offering c-project1 to Project Build Discarder
Processing c-project2
Offering c-project2 to Project Build Discarder
Processing java-p1
Offering java-p1 to Project Build Discarder
Processing java-project
Offering java-project to Project Build Discarder
Processing java-project1
Offering java-project1 to Project Build Discarder
Processing Sandeep
Offering Sandeep to Project Build Discarder
Processing webhook-example
Offering webhook-example to Project Build Discarder
Finished at Tue Mar 01 02:39:57 UTC 2022. 1ms
Started at Tue Mar 01 03:39:57 UTC 2022
Processing c-project
Offering c-project to Project Build Discarder
Processing c-project1
Offering c-project1 to Project Build Discarder
Processing c-project2
Offering c-project2 to Project Build Discarder
Processing java-p1
Offering java-p1 to Project Build Discarder
Processing java-project
Offering java-project to Project Build Discarder
Processing java-project1
Offering java-project1 to Project Build Discarder
Processing Sandeep
Offering Sandeep to Project Build Discarder
Processing webhook-example
Offering webhook-example to Project Build Discarder
Finished at Tue Mar 01 03:39:57 UTC 2022. 6ms
Started at Tue Mar 01 04:39:57 UTC 2022
Processing c-project
Offering c-project to Project Build Discarder
Processing c-project1
Offering c-project1 to Project Build Discarder
Processing c-project2
Offering c-project2 to Project Build Discarder
Processing java-p1
Offering java-p1 to Project Build Discarder
Processing java-project
Offering java-project to Project Build Discarder
Processing java-project1
Offering java-project1 to Project Build Discarder
Processing Sandeep
Offering Sandeep to Project Build Discarder
Processing webhook-example
Offering webhook-example to Project Build Discarder
Finished at Tue Mar 01 04:39:57 UTC 2022. 1ms
Started at Tue Mar 01 05:39:57 UTC 2022
Processing c-project
Offering c-project to Project Build Discarder
Processing c-project1
Offering c-project1 to Project Build Discarder
Processing c-project2
Offering c-project2 to Project Build Discarder
Processing java-p1
Offering java-p1 to Project Build Discarder
Processing java-project
Offering java-project to Project Build Discarder
Processing java-project1
Offering java-project1 to Project Build Discarder
Processing Sandeep
Offering Sandeep to Project Build Discarder
Processing webhook-example
Offering webhook-example to Project Build Discarder
Finished at Tue Mar 01 05:39:57 UTC 2022. 1ms
Started at Tue Mar 01 06:39:57 UTC 2022
Processing c-project
Offering c-project to Project Build Discarder
Processing c-project1
Offering c-project1 to Project Build Discarder
Processing c-project2
Offering c-project2 to Project Build Discarder
Processing java-p1
Offering java-p1 to Project Build Discarder
Processing java-project
Offering java-project to Project Build Discarder
Processing java-project1
Offering java-project1 to Project Build Discarder
Processing Sandeep
Offering Sandeep to Project Build Discarder
Processing webhook-example
Offering webhook-example to Project Build Discarder
Finished at Tue Mar 01 06:39:57 UTC 2022. 1ms
Started at Tue Mar 01 07:39:57 UTC 2022
Processing c-project
Offering c-project to Project Build Discarder
Processing c-project1
Offering c-project1 to Project Build Discarder
Processing c-project2
Offering c-project2 to Project Build Discarder
Processing java-p1
Offering java-p1 to Project Build Discarder
Processing java-project
Offering java-project to Project Build Discarder
Processing java-project1
Offering java-project1 to Project Build Discarder
Processing Sandeep
Offering Sandeep to Project Build Discarder
Processing webhook-example
Offering webhook-example to Project Build Discarder
Finished at Tue Mar 01 07:39:57 UTC 2022. 45ms
Started at Tue Mar 01 08:39:57 UTC 2022
Processing c-project
Offering c-project to Project Build Discarder
Processing c-project1
Offering c-project1 to Project Build Discarder
Processing c-project2
Offering c-project2 to Project Build Discarder
Processing java-p1
Offering java-p1 to Project Build Discarder
Processing java-project
Offering java-project to Project Build Discarder
Processing java-project1
Offering java-project1 to Project Build Discarder
Processing Sandeep
Offering Sandeep to Project Build Discarder
Processing webhook-example
Offering webhook-example to Project Build Discarder
Finished at Tue Mar 01 08:39:57 UTC 2022. 1ms
Started at Tue Mar 01 09:39:57 UTC 2022
Processing c-project
Offering c-project to Project Build Discarder
Processing c-project1
Offering c-project1 to Project Build Discarder
Processing c-project2
Offering c-project2 to Project Build Discarder
Processing java-p1
Offering java-p1 to Project Build Discarder
Processing java-project
Offering java-project to Project Build Discarder
Processing java-project1
Offering java-project1 to Project Build Discarder
Processing Sandeep
Offering Sandeep to Project Build Discarder
Processing webhook-example
Offering webhook-example to Project Build Discarder
Finished at Tue Mar 01 09:39:57 UTC 2022. 1ms
Started at Tue Mar 01 10:39:57 UTC 2022
Processing c-project
Offering c-project to Project Build Discarder
Processing c-project1
Offering c-project1 to Project Build Discarder
Processing c-project2
Offering c-project2 to Project Build Discarder
Processing java-p1
Offering java-p1 to Project Build Discarder
Processing java-project
Offering java-project to Project Build Discarder
Processing java-project1
Offering java-project1 to Project Build Discarder
Processing Sandeep
Offering Sandeep to Project Build Discarder
Processing webhook-example
Offering webhook-example to Project Build Discarder
Finished at Tue Mar 01 10:39:57 UTC 2022. 1ms
